<?xml version="1.0" encoding="UTF-8"?>
<testng-results ignored="0" total="2" passed="2" failed="0" skipped="0">
  <reporter-output>
  </reporter-output>
  <suite started-at="2022-05-09T22:46:40 IST" name="Default suite" finished-at="2022-05-09T22:46:41 IST" duration-ms="1686">
    <groups>
    </groups>
    <test started-at="2022-05-09T22:46:40 IST" name="Default test" finished-at="2022-05-09T22:46:41 IST" duration-ms="1686">
      <class name="DynamicJson">
        <test-method signature="addBook(java.lang.String,java.lang.String,java.lang.String)[pri:0, instance:DynamicJson@51dcb805]" started-at="2022-05-09T22:46:40 IST" name="addBook" data-provider="getData" finished-at="2022-05-09T22:46:41 IST" duration-ms="1508" status="PASS">
          <params>
            <param index="0">
              <value>
                <![CDATA[345]]>
              </value>
            </param>
            <param index="1">
              <value>
                <![CDATA[isbn]]>
              </value>
            </param>
            <param index="2">
              <value>
                <![CDATA[check]]>
              </value>
            </param>
          </params>
          <reporter-output>
          </reporter-output>
        </test-method> <!-- addBook -->
        <test-method signature="addBook(java.lang.String,java.lang.String,java.lang.String)[pri:0, instance:DynamicJson@51dcb805]" started-at="2022-05-09T22:46:41 IST" name="addBook" data-provider="getData" finished-at="2022-05-09T22:46:41 IST" duration-ms="146" status="PASS">
          <params>
            <param index="0">
              <value>
                <![CDATA[3445]]>
              </value>
            </param>
            <param index="1">
              <value>
                <![CDATA[fjjf]]>
              </value>
            </param>
            <param index="2">
              <value>
                <![CDATA[check]]>
              </value>
            </param>
          </params>
          <reporter-output>
          </reporter-output>
        </test-method> <!-- addBook -->
      </class> <!-- DynamicJson -->
    </test> <!-- Default test -->
  </suite> <!-- Default suite -->
</testng-results>
